------------------------------------------------------------------------------------------------------------------------

[2025-10-02 16:10:24 #1 store] 
Database 'C:\Users\Haritz\Desktop\UNI\4.urtea\SI2\SI2\Rides24\src\main\resources\rides.temp' has been recovered (tr. 42-44)

[2025-10-02 16:10:24 #2 store] 
Database 'C:\Users\Haritz\Desktop\UNI\4.urtea\SI2\SI2\Rides24\src\main\resources\rides.temp' is opened by 13268@Vivobook-ASUS

[2025-10-02 16:10:24 #3 type] 
Type domain.Driver is not enhanced.

[2025-10-02 16:10:24 #4 type] 
Type domain.Complaint is not enhanced.

[2025-10-02 16:10:24 #5 type] 
Type domain.Transaction is not enhanced.

[2025-10-02 16:10:24 #6 type] 
Type domain.Car is not enhanced.

[2025-10-02 16:10:24 #7 type] 
Type domain.Reservation is not enhanced.

[2025-10-02 16:10:24 #8 type] 
Type domain.Ride is not enhanced.

[2025-10-02 16:10:24 #9 type] 
Type domain.Traveler is not enhanced.

[2025-10-02 16:10:24 #10 type] 
Type domain.Alert is not enhanced.

[2025-10-02 16:10:24 #11 type] 
Type domain.Admin is not enhanced.

------------------------------------------------------------------------------------------------------------------------

[2025-10-02 16:15:32 #1 store] 
Database 'C:\Users\Haritz\Desktop\UNI\4.urtea\SI2\SI2\Rides24\src\main\resources\rides.temp' has been recovered (tr. 45-46)

[2025-10-02 16:15:32 #2 store] 
Database 'C:\Users\Haritz\Desktop\UNI\4.urtea\SI2\SI2\Rides24\src\main\resources\rides.temp' is opened by 11412@Vivobook-ASUS

[2025-10-02 16:15:32 #3 type] 
Type domain.Driver is not enhanced.

[2025-10-02 16:15:32 #4 type] 
Type domain.Complaint is not enhanced.

[2025-10-02 16:15:32 #5 type] 
Type domain.Transaction is not enhanced.

[2025-10-02 16:15:32 #6 type] 
Type domain.Car is not enhanced.

[2025-10-02 16:15:32 #7 type] 
Type domain.Reservation is not enhanced.

[2025-10-02 16:15:32 #8 type] 
Type domain.Ride is not enhanced.

[2025-10-02 16:15:32 #9 type] 
Type domain.Traveler is not enhanced.

[2025-10-02 16:15:32 #10 type] 
Type domain.Alert is not enhanced.

[2025-10-02 16:15:32 #11 type] 
Type domain.Admin is not enhanced.

------------------------------------------------------------------------------------------------------------------------

[2025-10-02 16:25:55 #1 store] 
Database 'C:\Users\Haritz\Desktop\UNI\4.urtea\SI2\SI2\Rides24\src\main\resources\rides.temp' has been recovered (tr. 47-48)

[2025-10-02 16:25:55 #2 store] 
Database 'C:\Users\Haritz\Desktop\UNI\4.urtea\SI2\SI2\Rides24\src\main\resources\rides.temp' is opened by 23740@Vivobook-ASUS

[2025-10-02 16:25:55 #3 type] 
Type domain.Driver is not enhanced.

[2025-10-02 16:25:55 #4 type] 
Type domain.Complaint is not enhanced.

[2025-10-02 16:25:55 #5 type] 
Type domain.Transaction is not enhanced.

[2025-10-02 16:25:55 #6 type] 
Type domain.Car is not enhanced.

[2025-10-02 16:25:55 #7 type] 
Type domain.Reservation is not enhanced.

[2025-10-02 16:25:55 #8 type] 
Type domain.Ride is not enhanced.

[2025-10-02 16:25:55 #9 type] 
Type domain.Traveler is not enhanced.

[2025-10-02 16:25:55 #10 type] 
Type domain.Alert is not enhanced.

[2025-10-02 16:25:55 #11 type] 
Type domain.Admin is not enhanced.

------------------------------------------------------------------------------------------------------------------------

[2025-10-02 16:28:21 #1 store] 
Database 'C:\Users\Haritz\Desktop\UNI\4.urtea\SI2\SI2\Rides24\src\main\resources\rides.temp' has been recovered (tr. 49-53)

[2025-10-02 16:28:21 #2 store] 
Database 'C:\Users\Haritz\Desktop\UNI\4.urtea\SI2\SI2\Rides24\src\main\resources\rides.temp' is opened by 14052@Vivobook-ASUS

[2025-10-02 16:28:22 #3 type] 
Type domain.Driver is not enhanced.

[2025-10-02 16:28:22 #4 type] 
Type domain.Complaint is not enhanced.

[2025-10-02 16:28:22 #5 type] 
Type domain.Transaction is not enhanced.

[2025-10-02 16:28:22 #6 type] 
Type domain.Car is not enhanced.

[2025-10-02 16:28:22 #7 type] 
Type domain.Reservation is not enhanced.

[2025-10-02 16:28:22 #8 type] 
Type domain.Ride is not enhanced.

[2025-10-02 16:28:22 #9 type] 
Type domain.Traveler is not enhanced.

[2025-10-02 16:28:22 #10 type] 
Type domain.Alert is not enhanced.

[2025-10-02 16:28:22 #11 type] 
Type domain.Admin is not enhanced.

------------------------------------------------------------------------------------------------------------------------

[2025-10-02 16:29:46 #1 store] 
Database 'C:\Users\Haritz\Desktop\UNI\4.urtea\SI2\SI2\Rides24\src\main\resources\rides.temp' has been recovered (tr. 54-58)

[2025-10-02 16:29:47 #2 store] 
Database 'C:\Users\Haritz\Desktop\UNI\4.urtea\SI2\SI2\Rides24\src\main\resources\rides.temp' is opened by 20512@Vivobook-ASUS

[2025-10-02 16:29:47 #3 type] 
Type domain.Driver is not enhanced.

[2025-10-02 16:29:47 #4 type] 
Type domain.Complaint is not enhanced.

[2025-10-02 16:29:47 #5 type] 
Type domain.Transaction is not enhanced.

[2025-10-02 16:29:47 #6 type] 
Type domain.Car is not enhanced.

[2025-10-02 16:29:47 #7 type] 
Type domain.Reservation is not enhanced.

[2025-10-02 16:29:47 #8 type] 
Type domain.Ride is not enhanced.

[2025-10-02 16:29:47 #9 type] 
Type domain.Traveler is not enhanced.

[2025-10-02 16:29:47 #10 type] 
Type domain.Alert is not enhanced.

[2025-10-02 16:29:47 #11 type] 
Type domain.Admin is not enhanced.

------------------------------------------------------------------------------------------------------------------------

[2025-10-02 16:32:06 #1 store] 
Database 'C:\Users\Haritz\Desktop\UNI\4.urtea\SI2\SI2\Rides24\src\main\resources\rides.temp' has been recovered (tr. 59-63)

[2025-10-02 16:32:06 #2 store] 
Database 'C:\Users\Haritz\Desktop\UNI\4.urtea\SI2\SI2\Rides24\src\main\resources\rides.temp' is opened by 1168@Vivobook-ASUS

[2025-10-02 16:32:06 #3 type] 
Type domain.Driver is not enhanced.

[2025-10-02 16:32:06 #4 type] 
Type domain.Complaint is not enhanced.

[2025-10-02 16:32:06 #5 type] 
Type domain.Transaction is not enhanced.

[2025-10-02 16:32:06 #6 type] 
Type domain.Car is not enhanced.

[2025-10-02 16:32:06 #7 type] 
Type domain.Reservation is not enhanced.

[2025-10-02 16:32:06 #8 type] 
Type domain.Ride is not enhanced.

[2025-10-02 16:32:06 #9 type] 
Type domain.Traveler is not enhanced.

[2025-10-02 16:32:06 #10 type] 
Type domain.Alert is not enhanced.

[2025-10-02 16:32:06 #11 type] 
Type domain.Admin is not enhanced.

------------------------------------------------------------------------------------------------------------------------

[2025-10-02 16:34:54 #1 store] 
Database 'C:\Users\Haritz\Desktop\UNI\4.urtea\SI2\SI2\Rides24\src\main\resources\rides.temp' has been recovered (tr. 65-68)

[2025-10-02 16:34:54 #2 store] 
Database 'C:\Users\Haritz\Desktop\UNI\4.urtea\SI2\SI2\Rides24\src\main\resources\rides.temp' is opened by 6232@Vivobook-ASUS

[2025-10-02 16:34:54 #3 type] 
Type domain.Driver is not enhanced.

[2025-10-02 16:34:54 #4 type] 
Type domain.Complaint is not enhanced.

[2025-10-02 16:34:54 #5 type] 
Type domain.Transaction is not enhanced.

[2025-10-02 16:34:54 #6 type] 
Type domain.Car is not enhanced.

[2025-10-02 16:34:54 #7 type] 
Type domain.Reservation is not enhanced.

[2025-10-02 16:34:54 #8 type] 
Type domain.Ride is not enhanced.

[2025-10-02 16:34:54 #9 type] 
Type domain.Traveler is not enhanced.

[2025-10-02 16:34:54 #10 type] 
Type domain.Alert is not enhanced.

[2025-10-02 16:34:54 #11 type] 
Type domain.Admin is not enhanced.

